2025-05-08T16:56:06.256+05:30  INFO 11732 --- [Demo_7_Logging] [main] com.demo.Demo7LoggingApplication         : Starting Demo7LoggingApplication using Java 21.0.4 with PID 11732 (E:\Spring\Spring-workspace\Demo_8_Reading_properties\target\classes started by Kruthik S P in E:\Spring\Spring-workspace\Demo_8_Reading_properties)
2025-05-08T16:56:06.260+05:30  INFO 11732 --- [Demo_7_Logging] [main] com.demo.Demo7LoggingApplication         : No active profile set, falling back to 1 default profile: "default"
2025-05-08T16:56:06.810+05:30  INFO 11732 --- [Demo_7_Logging] [main] com.demo.Demo7LoggingApplication         : Started Demo7LoggingApplication in 1.018 seconds (process running for 1.736)
2025-05-08T16:56:06.814+05:30  INFO 11732 --- [Demo_7_Logging] [main] com.demo.Demo7LoggingApplication         : started logging...
2025-05-08T16:56:30.654+05:30  INFO 10200 --- [Demo_7_Logging] [main] com.demo.Demo7LoggingApplication         : Starting Demo7LoggingApplication using Java 21.0.4 with PID 10200 (E:\Spring\Spring-workspace\Demo_8_Reading_properties\target\classes started by Kruthik S P in E:\Spring\Spring-workspace\Demo_8_Reading_properties)
2025-05-08T16:56:30.656+05:30  INFO 10200 --- [Demo_7_Logging] [main] com.demo.Demo7LoggingApplication         : No active profile set, falling back to 1 default profile: "default"
2025-05-08T16:56:31.019+05:30  INFO 10200 --- [Demo_7_Logging] [main] com.demo.Demo7LoggingApplication         : Started Demo7LoggingApplication in 0.656 seconds (process running for 1.146)
2025-05-08T16:56:31.023+05:30  INFO 10200 --- [Demo_7_Logging] [main] com.demo.Demo7LoggingApplication         : started logging...
2025-05-08T16:57:03.287+05:30  INFO 17680 --- [Demo_7_Logging] [main] com.demo.Demo7LoggingApplication         : Starting Demo7LoggingApplication using Java 21.0.4 with PID 17680 (E:\Spring\Spring-workspace\Demo_8_Reading_properties\target\classes started by Kruthik S P in E:\Spring\Spring-workspace\Demo_8_Reading_properties)
2025-05-08T16:57:03.289+05:30  INFO 17680 --- [Demo_7_Logging] [main] com.demo.Demo7LoggingApplication         : No active profile set, falling back to 1 default profile: "default"
2025-05-08T16:57:03.636+05:30  INFO 17680 --- [Demo_7_Logging] [main] com.demo.Demo7LoggingApplication         : Started Demo7LoggingApplication in 0.649 seconds (process running for 1.132)
2025-05-08T16:57:03.638+05:30  INFO 17680 --- [Demo_7_Logging] [main] com.demo.Demo7LoggingApplication         : started logging...
2025-05-08T16:57:05.821+05:30 ERROR 17680 --- [Demo_7_Logging] [main] com.demo.Demo7LoggingApplication         : Owner Not Found with the Id: 7

com.exceptions.OwnerNotFoundException: Owner Not Found with the Id: 7
	at com.spring.repository.impl.OwnerRepositoryImpl.findOwner(OwnerRepositoryImpl.java:22) ~[classes/:na]
	at com.spring.service.impl.OwnerServiceImpl.findOwner(OwnerServiceImpl.java:27) ~[classes/:na]
	at com.demo.Demo7LoggingApplication.run(Demo7LoggingApplication.java:35) ~[classes/:na]
	at org.springframework.boot.SpringApplication.lambda$callRunner$5(SpringApplication.java:789) ~[spring-boot-3.4.5.jar:3.4.5]
	at org.springframework.util.function.ThrowingConsumer$1.acceptWithException(ThrowingConsumer.java:82) ~[spring-core-6.2.6.jar:6.2.6]
	at org.springframework.util.function.ThrowingConsumer.accept(ThrowingConsumer.java:60) ~[spring-core-6.2.6.jar:6.2.6]
	at org.springframework.util.function.ThrowingConsumer$1.accept(ThrowingConsumer.java:86) ~[spring-core-6.2.6.jar:6.2.6]
	at org.springframework.boot.SpringApplication.callRunner(SpringApplication.java:797) ~[spring-boot-3.4.5.jar:3.4.5]
	at org.springframework.boot.SpringApplication.callRunner(SpringApplication.java:788) ~[spring-boot-3.4.5.jar:3.4.5]
	at org.springframework.boot.SpringApplication.lambda$callRunners$3(SpringApplication.java:773) ~[spring-boot-3.4.5.jar:3.4.5]
	at java.base/java.util.stream.ForEachOps$ForEachOp$OfRef.accept(ForEachOps.java:184) ~[na:na]
	at java.base/java.util.stream.SortedOps$SizedRefSortingSink.end(SortedOps.java:357) ~[na:na]
	at java.base/java.util.stream.AbstractPipeline.copyInto(AbstractPipeline.java:510) ~[na:na]
	at java.base/java.util.stream.AbstractPipeline.wrapAndCopyInto(AbstractPipeline.java:499) ~[na:na]
	at java.base/java.util.stream.ForEachOps$ForEachOp.evaluateSequential(ForEachOps.java:151) ~[na:na]
	at java.base/java.util.stream.ForEachOps$ForEachOp$OfRef.evaluateSequential(ForEachOps.java:174) ~[na:na]
	at java.base/java.util.stream.AbstractPipeline.evaluate(AbstractPipeline.java:234) ~[na:na]
	at java.base/java.util.stream.ReferencePipeline.forEach(ReferencePipeline.java:596) ~[na:na]
	at org.springframework.boot.SpringApplication.callRunners(SpringApplication.java:773) ~[spring-boot-3.4.5.jar:3.4.5]
	at org.springframework.boot.SpringApplication.run(SpringApplication.java:325) ~[spring-boot-3.4.5.jar:3.4.5]
	at org.springframework.boot.SpringApplication.run(SpringApplication.java:1362) ~[spring-boot-3.4.5.jar:3.4.5]
	at org.springframework.boot.SpringApplication.run(SpringApplication.java:1351) ~[spring-boot-3.4.5.jar:3.4.5]
	at com.demo.Demo7LoggingApplication.main(Demo7LoggingApplication.java:22) ~[classes/:na]

2025-05-08T17:32:40.830+05:30  INFO 2732 --- [Demo_7_Logging] [main] com.demo.Demo8ReadingProperties          : Starting Demo8ReadingProperties using Java 21.0.4 with PID 2732 (E:\Spring\Spring-workspace\Demo_8_Reading_properties\target\classes started by Kruthik S P in E:\Spring\Spring-workspace\Demo_8_Reading_properties)
2025-05-08T17:32:40.838+05:30  INFO 2732 --- [Demo_7_Logging] [main] com.demo.Demo8ReadingProperties          : No active profile set, falling back to 1 default profile: "default"
2025-05-08T17:32:41.174+05:30  WARN 2732 --- [Demo_7_Logging] [main] s.c.a.AnnotationConfigApplicationContext : Exception encountered during context initialization - cancelling refresh attempt: org.springframework.beans.factory.UnsatisfiedDependencyException: Error creating bean with name 'demo8ReadingProperties': Unsatisfied dependency expressed through field 'ownerServiceImpl': Error creating bean with name 'ownerServiceImpl': Unsatisfied dependency expressed through field 'ownerId': Failed to convert value of type 'java.lang.String' to required type 'int'; For input string: "{owner.id}"
2025-05-08T17:32:41.180+05:30  INFO 2732 --- [Demo_7_Logging] [main] .s.b.a.l.ConditionEvaluationReportLogger : 

Error starting ApplicationContext. To display the condition evaluation report re-run your application with 'debug' enabled.
2025-05-08T17:32:41.203+05:30 ERROR 2732 --- [Demo_7_Logging] [main] o.s.boot.SpringApplication               : Application run failed

org.springframework.beans.factory.UnsatisfiedDependencyException: Error creating bean with name 'demo8ReadingProperties': Unsatisfied dependency expressed through field 'ownerServiceImpl': Error creating bean with name 'ownerServiceImpl': Unsatisfied dependency expressed through field 'ownerId': Failed to convert value of type 'java.lang.String' to required type 'int'; For input string: "{owner.id}"
	at org.springframework.beans.factory.annotation.AutowiredAnnotationBeanPostProcessor$AutowiredFieldElement.resolveFieldValue(AutowiredAnnotationBeanPostProcessor.java:788) ~[spring-beans-6.2.6.jar:6.2.6]
	at org.springframework.beans.factory.annotation.AutowiredAnnotationBeanPostProcessor$AutowiredFieldElement.inject(AutowiredAnnotationBeanPostProcessor.java:768) ~[spring-beans-6.2.6.jar:6.2.6]
	at org.springframework.beans.factory.annotation.InjectionMetadata.inject(InjectionMetadata.java:146) ~[spring-beans-6.2.6.jar:6.2.6]
	at org.springframework.beans.factory.annotation.AutowiredAnnotationBeanPostProcessor.postProcessProperties(AutowiredAnnotationBeanPostProcessor.java:509) ~[spring-beans-6.2.6.jar:6.2.6]
	at org.springframework.beans.factory.support.AbstractAutowireCapableBeanFactory.populateBean(AbstractAutowireCapableBeanFactory.java:1451) ~[spring-beans-6.2.6.jar:6.2.6]
	at org.springframework.beans.factory.support.AbstractAutowireCapableBeanFactory.doCreateBean(AbstractAutowireCapableBeanFactory.java:606) ~[spring-beans-6.2.6.jar:6.2.6]
	at org.springframework.beans.factory.support.AbstractAutowireCapableBeanFactory.createBean(AbstractAutowireCapableBeanFactory.java:529) ~[spring-beans-6.2.6.jar:6.2.6]
	at org.springframework.beans.factory.support.AbstractBeanFactory.lambda$doGetBean$0(AbstractBeanFactory.java:339) ~[spring-beans-6.2.6.jar:6.2.6]
	at org.springframework.beans.factory.support.DefaultSingletonBeanRegistry.getSingleton(DefaultSingletonBeanRegistry.java:371) ~[spring-beans-6.2.6.jar:6.2.6]
	at org.springframework.beans.factory.support.AbstractBeanFactory.doGetBean(AbstractBeanFactory.java:337) ~[spring-beans-6.2.6.jar:6.2.6]
	at org.springframework.beans.factory.support.AbstractBeanFactory.getBean(AbstractBeanFactory.java:202) ~[spring-beans-6.2.6.jar:6.2.6]
	at org.springframework.beans.factory.support.DefaultListableBeanFactory.instantiateSingleton(DefaultListableBeanFactory.java:1221) ~[spring-beans-6.2.6.jar:6.2.6]
	at org.springframework.beans.factory.support.DefaultListableBeanFactory.preInstantiateSingleton(DefaultListableBeanFactory.java:1187) ~[spring-beans-6.2.6.jar:6.2.6]
	at org.springframework.beans.factory.support.DefaultListableBeanFactory.preInstantiateSingletons(DefaultListableBeanFactory.java:1122) ~[spring-beans-6.2.6.jar:6.2.6]
	at org.springframework.context.support.AbstractApplicationContext.finishBeanFactoryInitialization(AbstractApplicationContext.java:987) ~[spring-context-6.2.6.jar:6.2.6]
	at org.springframework.context.support.AbstractApplicationContext.refresh(AbstractApplicationContext.java:627) ~[spring-context-6.2.6.jar:6.2.6]
	at org.springframework.boot.SpringApplication.refresh(SpringApplication.java:753) ~[spring-boot-3.4.5.jar:3.4.5]
	at org.springframework.boot.SpringApplication.refreshContext(SpringApplication.java:439) ~[spring-boot-3.4.5.jar:3.4.5]
	at org.springframework.boot.SpringApplication.run(SpringApplication.java:318) ~[spring-boot-3.4.5.jar:3.4.5]
	at org.springframework.boot.SpringApplication.run(SpringApplication.java:1362) ~[spring-boot-3.4.5.jar:3.4.5]
	at org.springframework.boot.SpringApplication.run(SpringApplication.java:1351) ~[spring-boot-3.4.5.jar:3.4.5]
	at com.demo.Demo8ReadingProperties.main(Demo8ReadingProperties.java:22) ~[classes/:na]
Caused by: org.springframework.beans.factory.UnsatisfiedDependencyException: Error creating bean with name 'ownerServiceImpl': Unsatisfied dependency expressed through field 'ownerId': Failed to convert value of type 'java.lang.String' to required type 'int'; For input string: "{owner.id}"
	at org.springframework.beans.factory.annotation.AutowiredAnnotationBeanPostProcessor$AutowiredFieldElement.resolveFieldValue(AutowiredAnnotationBeanPostProcessor.java:788) ~[spring-beans-6.2.6.jar:6.2.6]
	at org.springframework.beans.factory.annotation.AutowiredAnnotationBeanPostProcessor$AutowiredFieldElement.inject(AutowiredAnnotationBeanPostProcessor.java:768) ~[spring-beans-6.2.6.jar:6.2.6]
	at org.springframework.beans.factory.annotation.InjectionMetadata.inject(InjectionMetadata.java:146) ~[spring-beans-6.2.6.jar:6.2.6]
	at org.springframework.beans.factory.annotation.AutowiredAnnotationBeanPostProcessor.postProcessProperties(AutowiredAnnotationBeanPostProcessor.java:509) ~[spring-beans-6.2.6.jar:6.2.6]
	at org.springframework.beans.factory.support.AbstractAutowireCapableBeanFactory.populateBean(AbstractAutowireCapableBeanFactory.java:1451) ~[spring-beans-6.2.6.jar:6.2.6]
	at org.springframework.beans.factory.support.AbstractAutowireCapableBeanFactory.doCreateBean(AbstractAutowireCapableBeanFactory.java:606) ~[spring-beans-6.2.6.jar:6.2.6]
	at org.springframework.beans.factory.support.AbstractAutowireCapableBeanFactory.createBean(AbstractAutowireCapableBeanFactory.java:529) ~[spring-beans-6.2.6.jar:6.2.6]
	at org.springframework.beans.factory.support.AbstractBeanFactory.doGetBean(AbstractBeanFactory.java:357) ~[spring-beans-6.2.6.jar:6.2.6]
	at org.springframework.beans.factory.support.AbstractBeanFactory.getBean(AbstractBeanFactory.java:202) ~[spring-beans-6.2.6.jar:6.2.6]
	at org.springframework.beans.factory.support.DefaultListableBeanFactory.doResolveDependency(DefaultListableBeanFactory.java:1681) ~[spring-beans-6.2.6.jar:6.2.6]
	at org.springframework.beans.factory.support.DefaultListableBeanFactory.resolveDependency(DefaultListableBeanFactory.java:1627) ~[spring-beans-6.2.6.jar:6.2.6]
	at org.springframework.beans.factory.annotation.AutowiredAnnotationBeanPostProcessor$AutowiredFieldElement.resolveFieldValue(AutowiredAnnotationBeanPostProcessor.java:785) ~[spring-beans-6.2.6.jar:6.2.6]
	... 21 common frames omitted
Caused by: org.springframework.beans.TypeMismatchException: Failed to convert value of type 'java.lang.String' to required type 'int'; For input string: "{owner.id}"
	at org.springframework.beans.TypeConverterSupport.convertIfNecessary(TypeConverterSupport.java:87) ~[spring-beans-6.2.6.jar:6.2.6]
	at org.springframework.beans.TypeConverterSupport.convertIfNecessary(TypeConverterSupport.java:71) ~[spring-beans-6.2.6.jar:6.2.6]
	at org.springframework.beans.factory.support.DefaultListableBeanFactory.doResolveDependency(DefaultListableBeanFactory.java:1656) ~[spring-beans-6.2.6.jar:6.2.6]
	at org.springframework.beans.factory.support.DefaultListableBeanFactory.resolveDependency(DefaultListableBeanFactory.java:1627) ~[spring-beans-6.2.6.jar:6.2.6]
	at org.springframework.beans.factory.annotation.AutowiredAnnotationBeanPostProcessor$AutowiredFieldElement.resolveFieldValue(AutowiredAnnotationBeanPostProcessor.java:785) ~[spring-beans-6.2.6.jar:6.2.6]
	... 32 common frames omitted
Caused by: java.lang.NumberFormatException: For input string: "{owner.id}"
	at java.base/java.lang.NumberFormatException.forInputString(NumberFormatException.java:67) ~[na:na]
	at java.base/java.lang.Integer.parseInt(Integer.java:662) ~[na:na]
	at java.base/java.lang.Integer.valueOf(Integer.java:989) ~[na:na]
	at org.springframework.util.NumberUtils.parseNumber(NumberUtils.java:201) ~[spring-core-6.2.6.jar:6.2.6]
	at org.springframework.beans.propertyeditors.CustomNumberEditor.setAsText(CustomNumberEditor.java:115) ~[spring-beans-6.2.6.jar:6.2.6]
	at org.springframework.beans.TypeConverterDelegate.doConvertTextValue(TypeConverterDelegate.java:439) ~[spring-beans-6.2.6.jar:6.2.6]
	at org.springframework.beans.TypeConverterDelegate.doConvertValue(TypeConverterDelegate.java:412) ~[spring-beans-6.2.6.jar:6.2.6]
	at org.springframework.beans.TypeConverterDelegate.convertIfNecessary(TypeConverterDelegate.java:161) ~[spring-beans-6.2.6.jar:6.2.6]
	at org.springframework.beans.TypeConverterSupport.convertIfNecessary(TypeConverterSupport.java:80) ~[spring-beans-6.2.6.jar:6.2.6]
	... 36 common frames omitted

2025-05-08T17:34:20.958+05:30  INFO 14812 --- [Demo_7_Logging] [main] com.demo.Demo8ReadingProperties          : Starting Demo8ReadingProperties using Java 21.0.4 with PID 14812 (E:\Spring\Spring-workspace\Demo_8_Reading_properties\target\classes started by Kruthik S P in E:\Spring\Spring-workspace\Demo_8_Reading_properties)
2025-05-08T17:34:20.959+05:30  INFO 14812 --- [Demo_7_Logging] [main] com.demo.Demo8ReadingProperties          : No active profile set, falling back to 1 default profile: "default"
2025-05-08T17:34:21.300+05:30  INFO 14812 --- [Demo_7_Logging] [main] com.demo.Demo8ReadingProperties          : Started Demo8ReadingProperties in 0.687 seconds (process running for 1.158)
2025-05-08T17:34:21.303+05:30  INFO 14812 --- [Demo_7_Logging] [main] com.demo.Demo8ReadingProperties          : started logging...
2025-05-08T17:34:34.596+05:30  INFO 6580 --- [Demo_7_Logging] [main] com.demo.Demo8ReadingProperties          : Starting Demo8ReadingProperties using Java 21.0.4 with PID 6580 (E:\Spring\Spring-workspace\Demo_8_Reading_properties\target\classes started by Kruthik S P in E:\Spring\Spring-workspace\Demo_8_Reading_properties)
2025-05-08T17:34:34.597+05:30  INFO 6580 --- [Demo_7_Logging] [main] com.demo.Demo8ReadingProperties          : No active profile set, falling back to 1 default profile: "default"
2025-05-08T17:34:34.940+05:30  INFO 6580 --- [Demo_7_Logging] [main] com.demo.Demo8ReadingProperties          : Started Demo8ReadingProperties in 0.649 seconds (process running for 1.129)
2025-05-08T17:34:34.943+05:30  INFO 6580 --- [Demo_7_Logging] [main] com.demo.Demo8ReadingProperties          : started logging...
2025-05-08T17:34:38.203+05:30 ERROR 6580 --- [Demo_7_Logging] [main] com.demo.Demo8ReadingProperties          : Owner Not Found with the Id: 13

com.exceptions.OwnerNotFoundException: Owner Not Found with the Id: 13
	at com.spring.repository.impl.OwnerRepositoryImpl.findOwner(OwnerRepositoryImpl.java:22) ~[classes/:na]
	at com.spring.service.impl.OwnerServiceImpl.findOwner(OwnerServiceImpl.java:27) ~[classes/:na]
	at com.demo.Demo8ReadingProperties.run(Demo8ReadingProperties.java:35) ~[classes/:na]
	at org.springframework.boot.SpringApplication.lambda$callRunner$5(SpringApplication.java:789) ~[spring-boot-3.4.5.jar:3.4.5]
	at org.springframework.util.function.ThrowingConsumer$1.acceptWithException(ThrowingConsumer.java:82) ~[spring-core-6.2.6.jar:6.2.6]
	at org.springframework.util.function.ThrowingConsumer.accept(ThrowingConsumer.java:60) ~[spring-core-6.2.6.jar:6.2.6]
	at org.springframework.util.function.ThrowingConsumer$1.accept(ThrowingConsumer.java:86) ~[spring-core-6.2.6.jar:6.2.6]
	at org.springframework.boot.SpringApplication.callRunner(SpringApplication.java:797) ~[spring-boot-3.4.5.jar:3.4.5]
	at org.springframework.boot.SpringApplication.callRunner(SpringApplication.java:788) ~[spring-boot-3.4.5.jar:3.4.5]
	at org.springframework.boot.SpringApplication.lambda$callRunners$3(SpringApplication.java:773) ~[spring-boot-3.4.5.jar:3.4.5]
	at java.base/java.util.stream.ForEachOps$ForEachOp$OfRef.accept(ForEachOps.java:184) ~[na:na]
	at java.base/java.util.stream.SortedOps$SizedRefSortingSink.end(SortedOps.java:357) ~[na:na]
	at java.base/java.util.stream.AbstractPipeline.copyInto(AbstractPipeline.java:510) ~[na:na]
	at java.base/java.util.stream.AbstractPipeline.wrapAndCopyInto(AbstractPipeline.java:499) ~[na:na]
	at java.base/java.util.stream.ForEachOps$ForEachOp.evaluateSequential(ForEachOps.java:151) ~[na:na]
	at java.base/java.util.stream.ForEachOps$ForEachOp$OfRef.evaluateSequential(ForEachOps.java:174) ~[na:na]
	at java.base/java.util.stream.AbstractPipeline.evaluate(AbstractPipeline.java:234) ~[na:na]
	at java.base/java.util.stream.ReferencePipeline.forEach(ReferencePipeline.java:596) ~[na:na]
	at org.springframework.boot.SpringApplication.callRunners(SpringApplication.java:773) ~[spring-boot-3.4.5.jar:3.4.5]
	at org.springframework.boot.SpringApplication.run(SpringApplication.java:325) ~[spring-boot-3.4.5.jar:3.4.5]
	at org.springframework.boot.SpringApplication.run(SpringApplication.java:1362) ~[spring-boot-3.4.5.jar:3.4.5]
	at org.springframework.boot.SpringApplication.run(SpringApplication.java:1351) ~[spring-boot-3.4.5.jar:3.4.5]
	at com.demo.Demo8ReadingProperties.main(Demo8ReadingProperties.java:22) ~[classes/:na]

2025-05-08T17:37:40.646+05:30  INFO 3540 --- [Demo_7_Logging] [main] com.demo.Demo8ReadingProperties          : Starting Demo8ReadingProperties using Java 21.0.4 with PID 3540 (E:\Spring\Spring-workspace\Demo_8_Reading_properties\target\classes started by Kruthik S P in E:\Spring\Spring-workspace\Demo_8_Reading_properties)
2025-05-08T17:37:40.649+05:30  INFO 3540 --- [Demo_7_Logging] [main] com.demo.Demo8ReadingProperties          : No active profile set, falling back to 1 default profile: "default"
2025-05-08T17:37:40.957+05:30  INFO 3540 --- [Demo_7_Logging] [main] com.demo.Demo8ReadingProperties          : Started Demo8ReadingProperties in 0.601 seconds (process running for 1.088)
2025-05-08T17:37:40.961+05:30  INFO 3540 --- [Demo_7_Logging] [main] com.demo.Demo8ReadingProperties          : started logging...
2025-05-08T17:37:40.962+05:30 ERROR 3540 --- [Demo_7_Logging] [main] com.demo.Demo8ReadingProperties          : Cannot invoke "org.springframework.core.env.Environment.getProperty(String)" because "this.environment" is null

java.lang.NullPointerException: Cannot invoke "org.springframework.core.env.Environment.getProperty(String)" because "this.environment" is null
	at com.spring.repository.impl.OwnerRepositoryImpl.findOwner(OwnerRepositoryImpl.java:24) ~[classes/:na]
	at com.spring.service.impl.OwnerServiceImpl.findOwner(OwnerServiceImpl.java:27) ~[classes/:na]
	at com.demo.Demo8ReadingProperties.run(Demo8ReadingProperties.java:31) ~[classes/:na]
	at org.springframework.boot.SpringApplication.lambda$callRunner$5(SpringApplication.java:789) ~[spring-boot-3.4.5.jar:3.4.5]
	at org.springframework.util.function.ThrowingConsumer$1.acceptWithException(ThrowingConsumer.java:82) ~[spring-core-6.2.6.jar:6.2.6]
	at org.springframework.util.function.ThrowingConsumer.accept(ThrowingConsumer.java:60) ~[spring-core-6.2.6.jar:6.2.6]
	at org.springframework.util.function.ThrowingConsumer$1.accept(ThrowingConsumer.java:86) ~[spring-core-6.2.6.jar:6.2.6]
	at org.springframework.boot.SpringApplication.callRunner(SpringApplication.java:797) ~[spring-boot-3.4.5.jar:3.4.5]
	at org.springframework.boot.SpringApplication.callRunner(SpringApplication.java:788) ~[spring-boot-3.4.5.jar:3.4.5]
	at org.springframework.boot.SpringApplication.lambda$callRunners$3(SpringApplication.java:773) ~[spring-boot-3.4.5.jar:3.4.5]
	at java.base/java.util.stream.ForEachOps$ForEachOp$OfRef.accept(ForEachOps.java:184) ~[na:na]
	at java.base/java.util.stream.SortedOps$SizedRefSortingSink.end(SortedOps.java:357) ~[na:na]
	at java.base/java.util.stream.AbstractPipeline.copyInto(AbstractPipeline.java:510) ~[na:na]
	at java.base/java.util.stream.AbstractPipeline.wrapAndCopyInto(AbstractPipeline.java:499) ~[na:na]
	at java.base/java.util.stream.ForEachOps$ForEachOp.evaluateSequential(ForEachOps.java:151) ~[na:na]
	at java.base/java.util.stream.ForEachOps$ForEachOp$OfRef.evaluateSequential(ForEachOps.java:174) ~[na:na]
	at java.base/java.util.stream.AbstractPipeline.evaluate(AbstractPipeline.java:234) ~[na:na]
	at java.base/java.util.stream.ReferencePipeline.forEach(ReferencePipeline.java:596) ~[na:na]
	at org.springframework.boot.SpringApplication.callRunners(SpringApplication.java:773) ~[spring-boot-3.4.5.jar:3.4.5]
	at org.springframework.boot.SpringApplication.run(SpringApplication.java:325) ~[spring-boot-3.4.5.jar:3.4.5]
	at org.springframework.boot.SpringApplication.run(SpringApplication.java:1362) ~[spring-boot-3.4.5.jar:3.4.5]
	at org.springframework.boot.SpringApplication.run(SpringApplication.java:1351) ~[spring-boot-3.4.5.jar:3.4.5]
	at com.demo.Demo8ReadingProperties.main(Demo8ReadingProperties.java:22) ~[classes/:na]

2025-05-08T17:38:19.067+05:30  INFO 3556 --- [Demo_7_Logging] [main] com.demo.Demo8ReadingProperties          : Starting Demo8ReadingProperties using Java 21.0.4 with PID 3556 (E:\Spring\Spring-workspace\Demo_8_Reading_properties\target\classes started by Kruthik S P in E:\Spring\Spring-workspace\Demo_8_Reading_properties)
2025-05-08T17:38:19.068+05:30  INFO 3556 --- [Demo_7_Logging] [main] com.demo.Demo8ReadingProperties          : No active profile set, falling back to 1 default profile: "default"
2025-05-08T17:38:19.399+05:30  INFO 3556 --- [Demo_7_Logging] [main] com.demo.Demo8ReadingProperties          : Started Demo8ReadingProperties in 0.632 seconds (process running for 1.196)
2025-05-08T17:38:19.401+05:30  INFO 3556 --- [Demo_7_Logging] [main] com.demo.Demo8ReadingProperties          : started logging...
2025-05-08T17:39:23.813+05:30  INFO 12916 --- [Demo_7_Logging] [main] com.demo.Demo8ReadingProperties          : Starting Demo8ReadingProperties using Java 21.0.4 with PID 12916 (E:\Spring\Spring-workspace\Demo_8_Reading_properties\target\classes started by Kruthik S P in E:\Spring\Spring-workspace\Demo_8_Reading_properties)
2025-05-08T17:39:23.815+05:30  INFO 12916 --- [Demo_7_Logging] [main] com.demo.Demo8ReadingProperties          : No active profile set, falling back to 1 default profile: "default"
2025-05-08T17:39:24.138+05:30  INFO 12916 --- [Demo_7_Logging] [main] com.demo.Demo8ReadingProperties          : Started Demo8ReadingProperties in 0.65 seconds (process running for 1.189)
2025-05-08T17:39:24.141+05:30  INFO 12916 --- [Demo_7_Logging] [main] com.demo.Demo8ReadingProperties          : started logging...
2025-05-08T17:39:26.428+05:30 ERROR 12916 --- [Demo_7_Logging] [main] com.demo.Demo8ReadingProperties          : Can't find the owner with owner id: 13

com.exceptions.OwnerNotFoundException: Can't find the owner with owner id: 13
	at com.spring.repository.impl.OwnerRepositoryImpl.findOwner(OwnerRepositoryImpl.java:27) ~[classes/:na]
	at com.spring.service.impl.OwnerServiceImpl.findOwner(OwnerServiceImpl.java:27) ~[classes/:na]
	at com.demo.Demo8ReadingProperties.run(Demo8ReadingProperties.java:35) ~[classes/:na]
	at org.springframework.boot.SpringApplication.lambda$callRunner$5(SpringApplication.java:789) ~[spring-boot-3.4.5.jar:3.4.5]
	at org.springframework.util.function.ThrowingConsumer$1.acceptWithException(ThrowingConsumer.java:82) ~[spring-core-6.2.6.jar:6.2.6]
	at org.springframework.util.function.ThrowingConsumer.accept(ThrowingConsumer.java:60) ~[spring-core-6.2.6.jar:6.2.6]
	at org.springframework.util.function.ThrowingConsumer$1.accept(ThrowingConsumer.java:86) ~[spring-core-6.2.6.jar:6.2.6]
	at org.springframework.boot.SpringApplication.callRunner(SpringApplication.java:797) ~[spring-boot-3.4.5.jar:3.4.5]
	at org.springframework.boot.SpringApplication.callRunner(SpringApplication.java:788) ~[spring-boot-3.4.5.jar:3.4.5]
	at org.springframework.boot.SpringApplication.lambda$callRunners$3(SpringApplication.java:773) ~[spring-boot-3.4.5.jar:3.4.5]
	at java.base/java.util.stream.ForEachOps$ForEachOp$OfRef.accept(ForEachOps.java:184) ~[na:na]
	at java.base/java.util.stream.SortedOps$SizedRefSortingSink.end(SortedOps.java:357) ~[na:na]
	at java.base/java.util.stream.AbstractPipeline.copyInto(AbstractPipeline.java:510) ~[na:na]
	at java.base/java.util.stream.AbstractPipeline.wrapAndCopyInto(AbstractPipeline.java:499) ~[na:na]
	at java.base/java.util.stream.ForEachOps$ForEachOp.evaluateSequential(ForEachOps.java:151) ~[na:na]
	at java.base/java.util.stream.ForEachOps$ForEachOp$OfRef.evaluateSequential(ForEachOps.java:174) ~[na:na]
	at java.base/java.util.stream.AbstractPipeline.evaluate(AbstractPipeline.java:234) ~[na:na]
	at java.base/java.util.stream.ReferencePipeline.forEach(ReferencePipeline.java:596) ~[na:na]
	at org.springframework.boot.SpringApplication.callRunners(SpringApplication.java:773) ~[spring-boot-3.4.5.jar:3.4.5]
	at org.springframework.boot.SpringApplication.run(SpringApplication.java:325) ~[spring-boot-3.4.5.jar:3.4.5]
	at org.springframework.boot.SpringApplication.run(SpringApplication.java:1362) ~[spring-boot-3.4.5.jar:3.4.5]
	at org.springframework.boot.SpringApplication.run(SpringApplication.java:1351) ~[spring-boot-3.4.5.jar:3.4.5]
	at com.demo.Demo8ReadingProperties.main(Demo8ReadingProperties.java:22) ~[classes/:na]

2025-05-08T17:51:11.090+05:30  INFO 6420 --- [Demo_7_Logging] [main] com.demo.Demo8ReadingProperties          : Starting Demo8ReadingProperties using Java 21.0.4 with PID 6420 (E:\Spring\Spring-workspace\Demo_8_Reading_properties\target\classes started by Kruthik S P in E:\Spring\Spring-workspace\Demo_8_Reading_properties)
2025-05-08T17:51:11.091+05:30  INFO 6420 --- [Demo_7_Logging] [main] com.demo.Demo8ReadingProperties          : No active profile set, falling back to 1 default profile: "default"
2025-05-08T17:51:11.441+05:30  INFO 6420 --- [Demo_7_Logging] [main] com.demo.Demo8ReadingProperties          : Started Demo8ReadingProperties in 0.642 seconds (process running for 1.149)
2025-05-08T17:51:11.444+05:30  INFO 6420 --- [Demo_7_Logging] [main] com.demo.Demo8ReadingProperties          : started logging...
2025-05-08T17:51:40.957+05:30  INFO 11012 --- [Demo_7_Logging] [main] com.demo.Demo8ReadingProperties          : Starting Demo8ReadingProperties using Java 21.0.4 with PID 11012 (E:\Spring\Spring-workspace\Demo_8_Reading_properties\target\classes started by Kruthik S P in E:\Spring\Spring-workspace\Demo_8_Reading_properties)
2025-05-08T17:51:40.959+05:30  INFO 11012 --- [Demo_7_Logging] [main] com.demo.Demo8ReadingProperties          : No active profile set, falling back to 1 default profile: "default"
2025-05-08T17:51:41.314+05:30  INFO 11012 --- [Demo_7_Logging] [main] com.demo.Demo8ReadingProperties          : Started Demo8ReadingProperties in 0.662 seconds (process running for 1.194)
2025-05-08T17:51:41.318+05:30  INFO 11012 --- [Demo_7_Logging] [main] com.demo.Demo8ReadingProperties          : started logging...
2025-05-08T17:51:50.493+05:30  INFO 2760 --- [Demo_7_Logging] [main] com.demo.Demo8ReadingProperties          : Starting Demo8ReadingProperties using Java 21.0.4 with PID 2760 (E:\Spring\Spring-workspace\Demo_8_Reading_properties\target\classes started by Kruthik S P in E:\Spring\Spring-workspace\Demo_8_Reading_properties)
2025-05-08T17:51:50.495+05:30  INFO 2760 --- [Demo_7_Logging] [main] com.demo.Demo8ReadingProperties          : No active profile set, falling back to 1 default profile: "default"
2025-05-08T17:51:50.819+05:30  INFO 2760 --- [Demo_7_Logging] [main] com.demo.Demo8ReadingProperties          : Started Demo8ReadingProperties in 0.624 seconds (process running for 1.161)
2025-05-08T17:51:50.821+05:30  INFO 2760 --- [Demo_7_Logging] [main] com.demo.Demo8ReadingProperties          : started logging...
2025-05-08T17:51:54.411+05:30 ERROR 2760 --- [Demo_7_Logging] [main] com.demo.Demo8ReadingProperties          : Can't find the owner with owner id: 13

com.exceptions.OwnerNotFoundException: Can't find the owner with owner id: 13
	at com.spring.repository.impl.OwnerRepositoryImpl.findOwner(OwnerRepositoryImpl.java:27) ~[classes/:na]
	at com.spring.service.impl.OwnerServiceImpl.findOwner(OwnerServiceImpl.java:27) ~[classes/:na]
	at com.demo.Demo8ReadingProperties.run(Demo8ReadingProperties.java:37) ~[classes/:na]
	at org.springframework.boot.SpringApplication.lambda$callRunner$5(SpringApplication.java:789) ~[spring-boot-3.4.5.jar:3.4.5]
	at org.springframework.util.function.ThrowingConsumer$1.acceptWithException(ThrowingConsumer.java:82) ~[spring-core-6.2.6.jar:6.2.6]
	at org.springframework.util.function.ThrowingConsumer.accept(ThrowingConsumer.java:60) ~[spring-core-6.2.6.jar:6.2.6]
	at org.springframework.util.function.ThrowingConsumer$1.accept(ThrowingConsumer.java:86) ~[spring-core-6.2.6.jar:6.2.6]
	at org.springframework.boot.SpringApplication.callRunner(SpringApplication.java:797) ~[spring-boot-3.4.5.jar:3.4.5]
	at org.springframework.boot.SpringApplication.callRunner(SpringApplication.java:788) ~[spring-boot-3.4.5.jar:3.4.5]
	at org.springframework.boot.SpringApplication.lambda$callRunners$3(SpringApplication.java:773) ~[spring-boot-3.4.5.jar:3.4.5]
	at java.base/java.util.stream.ForEachOps$ForEachOp$OfRef.accept(ForEachOps.java:184) ~[na:na]
	at java.base/java.util.stream.SortedOps$SizedRefSortingSink.end(SortedOps.java:357) ~[na:na]
	at java.base/java.util.stream.AbstractPipeline.copyInto(AbstractPipeline.java:510) ~[na:na]
	at java.base/java.util.stream.AbstractPipeline.wrapAndCopyInto(AbstractPipeline.java:499) ~[na:na]
	at java.base/java.util.stream.ForEachOps$ForEachOp.evaluateSequential(ForEachOps.java:151) ~[na:na]
	at java.base/java.util.stream.ForEachOps$ForEachOp$OfRef.evaluateSequential(ForEachOps.java:174) ~[na:na]
	at java.base/java.util.stream.AbstractPipeline.evaluate(AbstractPipeline.java:234) ~[na:na]
	at java.base/java.util.stream.ReferencePipeline.forEach(ReferencePipeline.java:596) ~[na:na]
	at org.springframework.boot.SpringApplication.callRunners(SpringApplication.java:773) ~[spring-boot-3.4.5.jar:3.4.5]
	at org.springframework.boot.SpringApplication.run(SpringApplication.java:325) ~[spring-boot-3.4.5.jar:3.4.5]
	at org.springframework.boot.SpringApplication.run(SpringApplication.java:1362) ~[spring-boot-3.4.5.jar:3.4.5]
	at org.springframework.boot.SpringApplication.run(SpringApplication.java:1351) ~[spring-boot-3.4.5.jar:3.4.5]
	at com.demo.Demo8ReadingProperties.main(Demo8ReadingProperties.java:24) ~[classes/:na]

2025-05-08T17:52:17.516+05:30  INFO 2584 --- [Demo_7_Logging] [main] com.demo.Demo8ReadingProperties          : Starting Demo8ReadingProperties using Java 21.0.4 with PID 2584 (E:\Spring\Spring-workspace\Demo_8_Reading_properties\target\classes started by Kruthik S P in E:\Spring\Spring-workspace\Demo_8_Reading_properties)
2025-05-08T17:52:17.517+05:30  INFO 2584 --- [Demo_7_Logging] [main] com.demo.Demo8ReadingProperties          : No active profile set, falling back to 1 default profile: "default"
2025-05-08T17:52:17.579+05:30  WARN 2584 --- [Demo_7_Logging] [main] s.c.a.AnnotationConfigApplicationContext : Exception encountered during context initialization - cancelling refresh attempt: org.springframework.beans.factory.BeanDefinitionStoreException: I/O failure while processing configuration class [com.demo.Demo8ReadingProperties]
2025-05-08T17:52:17.602+05:30 ERROR 2584 --- [Demo_7_Logging] [main] o.s.boot.SpringApplication               : Application run failed

org.springframework.beans.factory.BeanDefinitionStoreException: I/O failure while processing configuration class [com.demo.Demo8ReadingProperties]
	at org.springframework.context.annotation.ConfigurationClassParser.processConfigurationClass(ConfigurationClassParser.java:286) ~[spring-context-6.2.6.jar:6.2.6]
	at org.springframework.context.annotation.ConfigurationClassParser.parse(ConfigurationClassParser.java:204) ~[spring-context-6.2.6.jar:6.2.6]
	at org.springframework.context.annotation.ConfigurationClassParser.parse(ConfigurationClassParser.java:172) ~[spring-context-6.2.6.jar:6.2.6]
	at org.springframework.context.annotation.ConfigurationClassPostProcessor.processConfigBeanDefinitions(ConfigurationClassPostProcessor.java:418) ~[spring-context-6.2.6.jar:6.2.6]
	at org.springframework.context.annotation.ConfigurationClassPostProcessor.postProcessBeanDefinitionRegistry(ConfigurationClassPostProcessor.java:290) ~[spring-context-6.2.6.jar:6.2.6]
	at org.springframework.context.support.PostProcessorRegistrationDelegate.invokeBeanDefinitionRegistryPostProcessors(PostProcessorRegistrationDelegate.java:349) ~[spring-context-6.2.6.jar:6.2.6]
	at org.springframework.context.support.PostProcessorRegistrationDelegate.invokeBeanFactoryPostProcessors(PostProcessorRegistrationDelegate.java:118) ~[spring-context-6.2.6.jar:6.2.6]
	at org.springframework.context.support.AbstractApplicationContext.invokeBeanFactoryPostProcessors(AbstractApplicationContext.java:791) ~[spring-context-6.2.6.jar:6.2.6]
	at org.springframework.context.support.AbstractApplicationContext.refresh(AbstractApplicationContext.java:609) ~[spring-context-6.2.6.jar:6.2.6]
	at org.springframework.boot.SpringApplication.refresh(SpringApplication.java:753) ~[spring-boot-3.4.5.jar:3.4.5]
	at org.springframework.boot.SpringApplication.refreshContext(SpringApplication.java:439) ~[spring-boot-3.4.5.jar:3.4.5]
	at org.springframework.boot.SpringApplication.run(SpringApplication.java:318) ~[spring-boot-3.4.5.jar:3.4.5]
	at org.springframework.boot.SpringApplication.run(SpringApplication.java:1362) ~[spring-boot-3.4.5.jar:3.4.5]
	at org.springframework.boot.SpringApplication.run(SpringApplication.java:1351) ~[spring-boot-3.4.5.jar:3.4.5]
	at com.demo.Demo8ReadingProperties.main(Demo8ReadingProperties.java:24) ~[classes/:na]
Caused by: java.io.FileNotFoundException: class path resource [classPath: messages.properties] cannot be opened because it does not exist
	at org.springframework.core.io.ClassPathResource.getInputStream(ClassPathResource.java:215) ~[spring-core-6.2.6.jar:6.2.6]
	at org.springframework.core.io.support.EncodedResource.getInputStream(EncodedResource.java:160) ~[spring-core-6.2.6.jar:6.2.6]
	at org.springframework.core.io.support.PropertiesLoaderUtils.fillProperties(PropertiesLoaderUtils.java:100) ~[spring-core-6.2.6.jar:6.2.6]
	at org.springframework.core.io.support.PropertiesLoaderUtils.fillProperties(PropertiesLoaderUtils.java:74) ~[spring-core-6.2.6.jar:6.2.6]
	at org.springframework.core.io.support.PropertiesLoaderUtils.loadProperties(PropertiesLoaderUtils.java:60) ~[spring-core-6.2.6.jar:6.2.6]
	at org.springframework.core.io.support.ResourcePropertySource.<init>(ResourcePropertySource.java:67) ~[spring-core-6.2.6.jar:6.2.6]
	at org.springframework.core.io.support.DefaultPropertySourceFactory.createPropertySource(DefaultPropertySourceFactory.java:37) ~[spring-core-6.2.6.jar:6.2.6]
	at org.springframework.core.io.support.PropertySourceProcessor.processPropertySource(PropertySourceProcessor.java:93) ~[spring-core-6.2.6.jar:6.2.6]
	at org.springframework.context.annotation.PropertySourceRegistry.processPropertySource(PropertySourceRegistry.java:75) ~[spring-context-6.2.6.jar:6.2.6]
	at org.springframework.context.annotation.ConfigurationClassParser.doProcessConfigurationClass(ConfigurationClassParser.java:316) ~[spring-context-6.2.6.jar:6.2.6]
	at org.springframework.context.annotation.ConfigurationClassParser.processConfigurationClass(ConfigurationClassParser.java:281) ~[spring-context-6.2.6.jar:6.2.6]
	... 14 common frames omitted

2025-05-08T17:52:27.332+05:30  INFO 1696 --- [Demo_7_Logging] [main] com.demo.Demo8ReadingProperties          : Starting Demo8ReadingProperties using Java 21.0.4 with PID 1696 (E:\Spring\Spring-workspace\Demo_8_Reading_properties\target\classes started by Kruthik S P in E:\Spring\Spring-workspace\Demo_8_Reading_properties)
2025-05-08T17:52:27.333+05:30  INFO 1696 --- [Demo_7_Logging] [main] com.demo.Demo8ReadingProperties          : No active profile set, falling back to 1 default profile: "default"
2025-05-08T17:52:27.397+05:30  WARN 1696 --- [Demo_7_Logging] [main] s.c.a.AnnotationConfigApplicationContext : Exception encountered during context initialization - cancelling refresh attempt: org.springframework.beans.factory.BeanDefinitionStoreException: I/O failure while processing configuration class [com.demo.Demo8ReadingProperties]
2025-05-08T17:52:27.424+05:30 ERROR 1696 --- [Demo_7_Logging] [main] o.s.boot.SpringApplication               : Application run failed

org.springframework.beans.factory.BeanDefinitionStoreException: I/O failure while processing configuration class [com.demo.Demo8ReadingProperties]
	at org.springframework.context.annotation.ConfigurationClassParser.processConfigurationClass(ConfigurationClassParser.java:286) ~[spring-context-6.2.6.jar:6.2.6]
	at org.springframework.context.annotation.ConfigurationClassParser.parse(ConfigurationClassParser.java:204) ~[spring-context-6.2.6.jar:6.2.6]
	at org.springframework.context.annotation.ConfigurationClassParser.parse(ConfigurationClassParser.java:172) ~[spring-context-6.2.6.jar:6.2.6]
	at org.springframework.context.annotation.ConfigurationClassPostProcessor.processConfigBeanDefinitions(ConfigurationClassPostProcessor.java:418) ~[spring-context-6.2.6.jar:6.2.6]
	at org.springframework.context.annotation.ConfigurationClassPostProcessor.postProcessBeanDefinitionRegistry(ConfigurationClassPostProcessor.java:290) ~[spring-context-6.2.6.jar:6.2.6]
	at org.springframework.context.support.PostProcessorRegistrationDelegate.invokeBeanDefinitionRegistryPostProcessors(PostProcessorRegistrationDelegate.java:349) ~[spring-context-6.2.6.jar:6.2.6]
	at org.springframework.context.support.PostProcessorRegistrationDelegate.invokeBeanFactoryPostProcessors(PostProcessorRegistrationDelegate.java:118) ~[spring-context-6.2.6.jar:6.2.6]
	at org.springframework.context.support.AbstractApplicationContext.invokeBeanFactoryPostProcessors(AbstractApplicationContext.java:791) ~[spring-context-6.2.6.jar:6.2.6]
	at org.springframework.context.support.AbstractApplicationContext.refresh(AbstractApplicationContext.java:609) ~[spring-context-6.2.6.jar:6.2.6]
	at org.springframework.boot.SpringApplication.refresh(SpringApplication.java:753) ~[spring-boot-3.4.5.jar:3.4.5]
	at org.springframework.boot.SpringApplication.refreshContext(SpringApplication.java:439) ~[spring-boot-3.4.5.jar:3.4.5]
	at org.springframework.boot.SpringApplication.run(SpringApplication.java:318) ~[spring-boot-3.4.5.jar:3.4.5]
	at org.springframework.boot.SpringApplication.run(SpringApplication.java:1362) ~[spring-boot-3.4.5.jar:3.4.5]
	at org.springframework.boot.SpringApplication.run(SpringApplication.java:1351) ~[spring-boot-3.4.5.jar:3.4.5]
	at com.demo.Demo8ReadingProperties.main(Demo8ReadingProperties.java:24) ~[classes/:na]
Caused by: java.io.FileNotFoundException: class path resource [ messages.properties] cannot be opened because it does not exist
	at org.springframework.core.io.ClassPathResource.getInputStream(ClassPathResource.java:215) ~[spring-core-6.2.6.jar:6.2.6]
	at org.springframework.core.io.support.EncodedResource.getInputStream(EncodedResource.java:160) ~[spring-core-6.2.6.jar:6.2.6]
	at org.springframework.core.io.support.PropertiesLoaderUtils.fillProperties(PropertiesLoaderUtils.java:100) ~[spring-core-6.2.6.jar:6.2.6]
	at org.springframework.core.io.support.PropertiesLoaderUtils.fillProperties(PropertiesLoaderUtils.java:74) ~[spring-core-6.2.6.jar:6.2.6]
	at org.springframework.core.io.support.PropertiesLoaderUtils.loadProperties(PropertiesLoaderUtils.java:60) ~[spring-core-6.2.6.jar:6.2.6]
	at org.springframework.core.io.support.ResourcePropertySource.<init>(ResourcePropertySource.java:67) ~[spring-core-6.2.6.jar:6.2.6]
	at org.springframework.core.io.support.DefaultPropertySourceFactory.createPropertySource(DefaultPropertySourceFactory.java:37) ~[spring-core-6.2.6.jar:6.2.6]
	at org.springframework.core.io.support.PropertySourceProcessor.processPropertySource(PropertySourceProcessor.java:93) ~[spring-core-6.2.6.jar:6.2.6]
	at org.springframework.context.annotation.PropertySourceRegistry.processPropertySource(PropertySourceRegistry.java:75) ~[spring-context-6.2.6.jar:6.2.6]
	at org.springframework.context.annotation.ConfigurationClassParser.doProcessConfigurationClass(ConfigurationClassParser.java:316) ~[spring-context-6.2.6.jar:6.2.6]
	at org.springframework.context.annotation.ConfigurationClassParser.processConfigurationClass(ConfigurationClassParser.java:281) ~[spring-context-6.2.6.jar:6.2.6]
	... 14 common frames omitted

2025-05-08T17:52:37.278+05:30  INFO 11472 --- [Demo_7_Logging] [main] com.demo.Demo8ReadingProperties          : Starting Demo8ReadingProperties using Java 21.0.4 with PID 11472 (E:\Spring\Spring-workspace\Demo_8_Reading_properties\target\classes started by Kruthik S P in E:\Spring\Spring-workspace\Demo_8_Reading_properties)
2025-05-08T17:52:37.280+05:30  INFO 11472 --- [Demo_7_Logging] [main] com.demo.Demo8ReadingProperties          : No active profile set, falling back to 1 default profile: "default"
2025-05-08T17:52:37.608+05:30  INFO 11472 --- [Demo_7_Logging] [main] com.demo.Demo8ReadingProperties          : Started Demo8ReadingProperties in 0.629 seconds (process running for 1.179)
2025-05-08T17:52:37.612+05:30  INFO 11472 --- [Demo_7_Logging] [main] com.demo.Demo8ReadingProperties          : started logging...
2025-05-08T17:52:42.890+05:30 ERROR 11472 --- [Demo_7_Logging] [main] com.demo.Demo8ReadingProperties          : Can't find the owner with owner id: 15

com.exceptions.OwnerNotFoundException: Can't find the owner with owner id: 15
	at com.spring.repository.impl.OwnerRepositoryImpl.findOwner(OwnerRepositoryImpl.java:27) ~[classes/:na]
	at com.spring.service.impl.OwnerServiceImpl.findOwner(OwnerServiceImpl.java:27) ~[classes/:na]
	at com.demo.Demo8ReadingProperties.run(Demo8ReadingProperties.java:37) ~[classes/:na]
	at org.springframework.boot.SpringApplication.lambda$callRunner$5(SpringApplication.java:789) ~[spring-boot-3.4.5.jar:3.4.5]
	at org.springframework.util.function.ThrowingConsumer$1.acceptWithException(ThrowingConsumer.java:82) ~[spring-core-6.2.6.jar:6.2.6]
	at org.springframework.util.function.ThrowingConsumer.accept(ThrowingConsumer.java:60) ~[spring-core-6.2.6.jar:6.2.6]
	at org.springframework.util.function.ThrowingConsumer$1.accept(ThrowingConsumer.java:86) ~[spring-core-6.2.6.jar:6.2.6]
	at org.springframework.boot.SpringApplication.callRunner(SpringApplication.java:797) ~[spring-boot-3.4.5.jar:3.4.5]
	at org.springframework.boot.SpringApplication.callRunner(SpringApplication.java:788) ~[spring-boot-3.4.5.jar:3.4.5]
	at org.springframework.boot.SpringApplication.lambda$callRunners$3(SpringApplication.java:773) ~[spring-boot-3.4.5.jar:3.4.5]
	at java.base/java.util.stream.ForEachOps$ForEachOp$OfRef.accept(ForEachOps.java:184) ~[na:na]
	at java.base/java.util.stream.SortedOps$SizedRefSortingSink.end(SortedOps.java:357) ~[na:na]
	at java.base/java.util.stream.AbstractPipeline.copyInto(AbstractPipeline.java:510) ~[na:na]
	at java.base/java.util.stream.AbstractPipeline.wrapAndCopyInto(AbstractPipeline.java:499) ~[na:na]
	at java.base/java.util.stream.ForEachOps$ForEachOp.evaluateSequential(ForEachOps.java:151) ~[na:na]
	at java.base/java.util.stream.ForEachOps$ForEachOp$OfRef.evaluateSequential(ForEachOps.java:174) ~[na:na]
	at java.base/java.util.stream.AbstractPipeline.evaluate(AbstractPipeline.java:234) ~[na:na]
	at java.base/java.util.stream.ReferencePipeline.forEach(ReferencePipeline.java:596) ~[na:na]
	at org.springframework.boot.SpringApplication.callRunners(SpringApplication.java:773) ~[spring-boot-3.4.5.jar:3.4.5]
	at org.springframework.boot.SpringApplication.run(SpringApplication.java:325) ~[spring-boot-3.4.5.jar:3.4.5]
	at org.springframework.boot.SpringApplication.run(SpringApplication.java:1362) ~[spring-boot-3.4.5.jar:3.4.5]
	at org.springframework.boot.SpringApplication.run(SpringApplication.java:1351) ~[spring-boot-3.4.5.jar:3.4.5]
	at com.demo.Demo8ReadingProperties.main(Demo8ReadingProperties.java:24) ~[classes/:na]

